<?xml version="1.0" encoding="UTF-8"?>
<!-- Generated by org.testng.reporters.JUnitXMLReporter -->
<testsuite hostname="YP1007034LT" ignored="0" name="Naveen" tests="1" failures="0" timestamp="25 Aug 2019 07:57:02 GMT" time="11.448" errors="0">
  <testcase name="@AfterClass writeExtentReport" time="0.002" classname="com.automation.cucumber.Runner">
    <failure type="java.lang.NoSuchMethodError" message="com.aventstack.extentreports.reporter.ExtentHtmlReporter.loadXMLConfig(Ljava/io/File;)V">
      <![CDATA[java.lang.NoSuchMethodError: com.aventstack.extentreports.reporter.ExtentHtmlReporter.loadXMLConfig(Ljava/io/File;)V
at com.cucumber.listener.Reporter.loadXMLConfig(Reporter.java:56)
at com.automation.cucumber.Runner.writeExtentReport(Runner.java:29)
... Removed 26 stack frames]]>
    </failure>
  </testcase> <!-- @AfterClass writeExtentReport -->
  <testcase name="feature" time="10.862" classname="cucumber.api.testng.AbstractTestNGCucumberTests"/>
</testsuite> <!-- Naveen -->
