<?xml version="1.0" encoding="UTF-8"?>
<testng-results skipped="0" failed="0" total="1" passed="1">
  <reporter-output>
  </reporter-output>
  <suite name="Cucumber Automation Test Suite" duration-ms="17858" started-at="2019-08-30T14:05:01Z" finished-at="2019-08-30T14:05:19Z">
    <groups>
      <group name="cucumber">
        <method signature="AbstractTestNGCucumberTests.feature(cucumber.api.testng.CucumberFeatureWrapper)[pri:0, instance:com.automation.cucumber.Runner@4439f31e]" name="feature" class="cucumber.api.testng.AbstractTestNGCucumberTests"/>
      </group> <!-- cucumber -->
    </groups>
    <test name="Naveen" duration-ms="17858" started-at="2019-08-30T14:05:01Z" finished-at="2019-08-30T14:05:19Z">
      <class name="com.automation.cucumber.Runner">
        <test-method status="PASS" signature="setUpClass()[pri:0, instance:com.automation.cucumber.Runner@4439f31e]" name="setUpClass" is-config="true" duration-ms="217" started-at="2019-08-30T19:35:01Z" finished-at="2019-08-30T19:35:01Z">
          <reporter-output>
          </reporter-output>
        </test-method> <!-- setUpClass -->
        <test-method status="PASS" signature="feature(cucumber.api.testng.CucumberFeatureWrapper)[pri:0, instance:com.automation.cucumber.Runner@4439f31e]" name="feature" duration-ms="17282" started-at="2019-08-30T19:35:01Z" description="Runs Cucumber Feature" data-provider="features" finished-at="2019-08-30T19:35:18Z">
          <params>
            <param index="0">
              <value>
                <![CDATA[Login to application]]>
              </value>
            </param>
          </params>
          <reporter-output>
          </reporter-output>
        </test-method> <!-- feature -->
        <test-method status="PASS" signature="writeExtentReport()[pri:0, instance:com.automation.cucumber.Runner@4439f31e]" name="writeExtentReport" is-config="true" duration-ms="18" started-at="2019-08-30T19:35:18Z" finished-at="2019-08-30T19:35:18Z">
          <reporter-output>
          </reporter-output>
        </test-method> <!-- writeExtentReport -->
        <test-method status="PASS" signature="tearDownClass()[pri:0, instance:com.automation.cucumber.Runner@4439f31e]" name="tearDownClass" is-config="true" duration-ms="266" started-at="2019-08-30T19:35:18Z" finished-at="2019-08-30T19:35:19Z">
          <reporter-output>
          </reporter-output>
        </test-method> <!-- tearDownClass -->
      </class> <!-- com.automation.cucumber.Runner -->
    </test> <!-- Naveen -->
  </suite> <!-- Cucumber Automation Test Suite -->
</testng-results>
